<?xml version="1.0" encoding="UTF-8"?>
<!-- Generated by org.testng.reporters.JUnitXMLReporter -->
<testsuite ignored="0" hostname="DESKTOP-E2BLRP9" failures="1" tests="6" name="CapstoneTest" time="0.346" errors="0" timestamp="2024-02-28T23:05:49 IST">
  <testcase classname="stepDefination.CapstoneStepDefinations" name="@BeforeClass launchURL" time="-1.709141749222E9">
    <failure type="org.testng.TestNGException" message="
Can inject only one of &amp;lt;ITestContext, XmlTest&amp;gt; into a @BeforeClass annotated launchURL.
For more information on native dependency injection please refer to https://testng.org/doc/documentation-main.html#native-dependency-injection">
      <![CDATA[org.testng.TestNGException: 
Can inject only one of <ITestContext, XmlTest> into a @BeforeClass annotated launchURL.
For more information on native dependency injection please refer to https://testng.org/doc/documentation-main.html#native-dependency-injection
at java.base/java.util.ArrayList.forEach(ArrayList.java:1596)
... Removed 22 stack frames]]>
    </failure>
  </testcase> <!-- @BeforeClass launchURL -->
  <testcase classname="stepDefination.CapstoneStepDefinations" name="@AfterClass tearDown" time="0.0">
    <skipped/>
  </testcase> <!-- @AfterClass tearDown -->
  <testcase classname="stepDefination.CapstoneStepDefinations" name="clickIFRAMELink" time="0.001">
    <skipped/>
  </testcase> <!-- clickIFRAMELink -->
  <testcase classname="stepDefination.CapstoneStepDefinations" name="clickRightArrowButton" time="0.0">
    <skipped/>
  </testcase> <!-- clickRightArrowButton -->
  <testcase classname="stepDefination.CapstoneStepDefinations" name="switchToNewTab" time="0.001">
    <skipped/>
  </testcase> <!-- switchToNewTab -->
  <testcase classname="stepDefination.CapstoneStepDefinations" name="verifyImagePresence" time="0.0">
    <skipped/>
  </testcase> <!-- verifyImagePresence -->
  <testcase classname="stepDefination.CapstoneStepDefinations" name="verifyImagesChange" time="0.001">
    <skipped/>
  </testcase> <!-- verifyImagesChange -->
  <testcase classname="stepDefination.CapstoneStepDefinations" name="verifyTitle" time="0.0">
    <failure type="org.testng.TestNGException" message="
Cannot inject @Test annotated Method [verifyTitle] with [class java.lang.String].
For more information on native dependency injection please refer to https://testng.org/doc/documentation-main.html#native-dependency-injection">
      <![CDATA[org.testng.TestNGException: 
Cannot inject @Test annotated Method [verifyTitle] with [class java.lang.String].
For more information on native dependency injection please refer to https://testng.org/doc/documentation-main.html#native-dependency-injection
at java.base/java.util.ArrayList.forEach(ArrayList.java:1596)
... Removed 26 stack frames]]>
    </failure>
  </testcase> <!-- verifyTitle -->
</testsuite> <!-- CapstoneTest -->
